EDA Netlist Writer report for rev8
Mon May 14 15:34:06 2018
Quartus Prime Version 16.1.0 Build 196 10/24/2016 SJ Lite Edition


---------------------
; Table of Contents ;
---------------------
  1. Legal Notice
  2. EDA Netlist Writer Summary
  3. EDA Netlist Writer Messages



----------------
; Legal Notice ;
----------------
Copyright (C) 2016  Intel Corporation. All rights reserved.
Your use of Intel Corporation's design tools, logic functions 
and other software and tools, and its AMPP partner logic 
functions, and any output files from any of the foregoing 
(including device programming or simulation files), and any 
associated documentation or information are expressly subject 
to the terms and conditions of the Intel Program License 
Subscription Agreement, the Intel Quartus Prime License Agreement,
the Intel MegaCore Function License Agreement, or other 
applicable license agreement, including, without limitation, 
that your use is for the sole purpose of programming logic 
devices manufactured by Intel and sold by Intel or its 
authorized distributors.  Please refer to the applicable 
agreement for further details.



+---------------------------------------------------------------+
; EDA Netlist Writer Summary                                    ;
+---------------------------+-----------------------------------+
; EDA Netlist Writer Status ; Failed - Mon May 14 15:34:06 2018 ;
; Revision Name             ; rev8                              ;
; Top-level Entity Name     ; 4sw_1                             ;
; Family                    ; Cyclone V                         ;
+---------------------------+-----------------------------------+


+-----------------------------+
; EDA Netlist Writer Messages ;
+-----------------------------+
Info: *******************************************************************
Info: Running Quartus Prime EDA Netlist Writer
    Info: Version 16.1.0 Build 196 10/24/2016 SJ Lite Edition
    Info: Copyright (C) 2016  Intel Corporation. All rights reserved.
    Info: Your use of Intel Corporation's design tools, logic functions 
    Info: and other software and tools, and its AMPP partner logic 
    Info: functions, and any output files from any of the foregoing 
    Info: (including device programming or simulation files), and any 
    Info: associated documentation or information are expressly subject 
    Info: to the terms and conditions of the Intel Program License 
    Info: Subscription Agreement, the Intel Quartus Prime License Agreement,
    Info: the Intel MegaCore Function License Agreement, or other 
    Info: applicable license agreement, including, without limitation, 
    Info: that your use is for the sole purpose of programming logic 
    Info: devices manufactured by Intel and sold by Intel or its 
    Info: authorized distributors.  Please refer to the applicable 
    Info: agreement for further details.
    Info: Processing started: Mon May 14 15:34:04 2018
Info: Command: quartus_eda --gen_testbench --tool=modelsim_oem --format=verilog --write_settings_files=off NoCSimp -c rev8 --vector_source=C:/intelFPGA_lite/16.1/NoCSimp_stat/NoCSimp_stat/Waveform.vwf --testbench_file=C:/intelFPGA_lite/16.1/NoCSimp_stat/NoCSimp_stat/simulation/qsim/Waveform.vwf.vt
Error (199014): Vector source file C:/intelFPGA_lite/16.1/NoCSimp_stat/NoCSimp_stat/Waveform.vwf specified with --testbench_vector_input_file option does not exist
Error: Quartus Prime EDA Netlist Writer was unsuccessful. 1 error, 0 warnings
    Error: Peak virtual memory: 644 megabytes
    Error: Processing ended: Mon May 14 15:34:06 2018
    Error: Elapsed time: 00:00:02
    Error: Total CPU time (on all processors): 00:00:02


