Assembler report for rev8
Mon May 14 15:17:47 2018
Quartus Prime Version 16.1.0 Build 196 10/24/2016 SJ Lite Edition


---------------------
; Table of Contents ;
---------------------
  1. Legal Notice
  2. Assembler Summary
  3. Assembler Settings
  4. Assembler Generated Files
  5. Assembler Device Options: C:/intelFPGA_lite/16.1/NoCSimp_stat/NoCSimp_stat/rev8.sof
  6. Assembler Messages



----------------
; Legal Notice ;
----------------
Copyright (C) 2016  Intel Corporation. All rights reserved.
Your use of Intel Corporation's design tools, logic functions 
and other software and tools, and its AMPP partner logic 
functions, and any output files from any of the foregoing 
(including device programming or simulation files), and any 
associated documentation or information are expressly subject 
to the terms and conditions of the Intel Program License 
Subscription Agreement, the Intel Quartus Prime License Agreement,
the Intel MegaCore Function License Agreement, or other 
applicable license agreement, including, without limitation, 
that your use is for the sole purpose of programming logic 
devices manufactured by Intel and sold by Intel or its 
authorized distributors.  Please refer to the applicable 
agreement for further details.



+---------------------------------------------------------------+
; Assembler Summary                                             ;
+-----------------------+---------------------------------------+
; Assembler Status      ; Successful - Mon May 14 15:17:47 2018 ;
; Revision Name         ; rev8                                  ;
; Top-level Entity Name ; 4sw_1                                 ;
; Family                ; Cyclone V                             ;
; Device                ; 5CGXFC9E6F35C7                        ;
+-----------------------+---------------------------------------+


+----------------------------------+
; Assembler Settings               ;
+--------+---------+---------------+
; Option ; Setting ; Default Value ;
+--------+---------+---------------+


+-----------------------------------------------------------+
; Assembler Generated Files                                 ;
+-----------------------------------------------------------+
; File Name                                                 ;
+-----------------------------------------------------------+
; C:/intelFPGA_lite/16.1/NoCSimp_stat/NoCSimp_stat/rev8.sof ;
+-----------------------------------------------------------+


+-------------------------------------------------------------------------------------+
; Assembler Device Options: C:/intelFPGA_lite/16.1/NoCSimp_stat/NoCSimp_stat/rev8.sof ;
+----------------+--------------------------------------------------------------------+
; Option         ; Setting                                                            ;
+----------------+--------------------------------------------------------------------+
; Device         ; 5CGXFC9E6F35C7                                                     ;
; JTAG usercode  ; 0xFFFFFFFF                                                         ;
; Checksum       ; 0x01F35C8D                                                         ;
+----------------+--------------------------------------------------------------------+


+--------------------+
; Assembler Messages ;
+--------------------+
Info: *******************************************************************
Info: Running Quartus Prime Assembler
    Info: Version 16.1.0 Build 196 10/24/2016 SJ Lite Edition
    Info: Processing started: Mon May 14 15:17:28 2018
Info: Command: quartus_asm --read_settings_files=off --write_settings_files=off NoCSimp -c rev8
Info (115030): Assembler is generating device programming files
Info: Quartus Prime Assembler was successful. 0 errors, 0 warnings
    Info: Peak virtual memory: 756 megabytes
    Info: Processing ended: Mon May 14 15:17:47 2018
    Info: Elapsed time: 00:00:19
    Info: Total CPU time (on all processors): 00:00:18


