Flow report for de0_top
Sat Nov 25 11:40:19 2017
Quartus II Version 9.1 Build 222 10/21/2009 SJ Web Edition


---------------------
; Table of Contents ;
---------------------
  1. Legal Notice
  2. Flow Summary
  3. Flow Settings
  4. Flow Non-Default Global Settings
  5. Flow Elapsed Time
  6. Flow OS Summary
  7. Flow Log



----------------
; Legal Notice ;
----------------
Copyright (C) 1991-2009 Altera Corporation
Your use of Altera Corporation's design tools, logic functions 
and other software and tools, and its AMPP partner logic 
functions, and any output files from any of the foregoing 
(including device programming or simulation files), and any 
associated documentation or information are expressly subject 
to the terms and conditions of the Altera Program License 
Subscription Agreement, Altera MegaCore Function License 
Agreement, or other applicable license agreement, including, 
without limitation, that your use is for the sole purpose of 
programming logic devices manufactured by Altera and sold by 
Altera or its authorized distributors.  Please refer to the 
applicable agreement for further details.



+------------------------------------------------------------------------------+
; Flow Summary                                                                 ;
+------------------------------------+-----------------------------------------+
; Flow Status                        ; Successful - Sat Nov 25 11:40:16 2017   ;
; Quartus II Version                 ; 9.1 Build 222 10/21/2009 SJ Web Edition ;
; Revision Name                      ; de0_top                                 ;
; Top-level Entity Name              ; de0_top                                 ;
; Family                             ; Cyclone III                             ;
; Device                             ; EP3C16F484C6                            ;
; Timing Models                      ; Final                                   ;
; Met timing requirements            ; N/A                                     ;
; Total logic elements               ; 139 / 15,408 ( < 1 % )                  ;
;     Total combinational functions  ; 126 / 15,408 ( < 1 % )                  ;
;     Dedicated logic registers      ; 81 / 15,408 ( < 1 % )                   ;
; Total registers                    ; 81                                      ;
; Total pins                         ; 252 / 347 ( 73 % )                      ;
; Total virtual pins                 ; 0                                       ;
; Total memory bits                  ; 512 / 516,096 ( < 1 % )                 ;
; Embedded Multiplier 9-bit elements ; 0 / 112 ( 0 % )                         ;
; Total PLLs                         ; 0 / 4 ( 0 % )                           ;
+------------------------------------+-----------------------------------------+


+-----------------------------------------+
; Flow Settings                           ;
+-------------------+---------------------+
; Option            ; Setting             ;
+-------------------+---------------------+
; Start date & time ; 11/25/2017 11:39:55 ;
; Main task         ; Compilation         ;
; Revision Name     ; de0_top             ;
+-------------------+---------------------+


+-----------------------------------------------------------------------------------------------------------------+
; Flow Non-Default Global Settings                                                                                ;
+------------------------------------+---------------------------------+---------------+-------------+------------+
; Assignment Name                    ; Value                           ; Default Value ; Entity Name ; Section Id ;
+------------------------------------+---------------------------------+---------------+-------------+------------+
; COMPILER_SIGNATURE_ID              ; 132098952823837.151159919504852 ; --            ; --          ; --         ;
; ENABLE_ADVANCED_IO_TIMING          ; On                              ; --            ; --          ; --         ;
; NOMINAL_CORE_SUPPLY_VOLTAGE        ; 1.2V                            ; --            ; --          ; --         ;
; PARTITION_COLOR                    ; 14622752                        ; --            ; --          ; Top        ;
; PARTITION_NETLIST_TYPE             ; SOURCE                          ; --            ; --          ; Top        ;
; SEARCH_PATH                        ; ..                              ; --            ; --          ; --         ;
; SEARCH_PATH                        ; ../../program                   ; --            ; --          ; --         ;
; SEARCH_PATH                        ; ../../../src                    ; --            ; --          ; --         ;
; USE_GENERATED_PHYSICAL_CONSTRAINTS ; Off                             ; --            ; --          ; eda_palace ;
+------------------------------------+---------------------------------+---------------+-------------+------------+


+-------------------------------------------------------------------------------------------------------------------------------+
; Flow Elapsed Time                                                                                                             ;
+---------------------------+--------------+-------------------------+---------------------+------------------------------------+
; Module Name               ; Elapsed Time ; Average Processors Used ; Peak Virtual Memory ; Total CPU Time (on all processors) ;
+---------------------------+--------------+-------------------------+---------------------+------------------------------------+
; Analysis & Synthesis      ; 00:00:05     ; 1.0                     ; 236 MB              ; 00:00:04                           ;
; Fitter                    ; 00:00:12     ; 1.0                     ; 268 MB              ; 00:00:12                           ;
; TimeQuest Timing Analyzer ; 00:00:05     ; 1.0                     ; 218 MB              ; 00:00:04                           ;
; Assembler                 ; 00:00:02     ; 1.0                     ; 229 MB              ; 00:00:02                           ;
; Total                     ; 00:00:22     ; --                      ; --                  ; 00:00:20                           ;
+---------------------------+--------------+-------------------------+---------------------+------------------------------------+


+--------------------------------------------------------------------------------------------+
; Flow OS Summary                                                                            ;
+---------------------------+------------------+---------------+------------+----------------+
; Module Name               ; Machine Hostname ; OS Name       ; OS Version ; Processor type ;
+---------------------------+------------------+---------------+------------+----------------+
; Analysis & Synthesis      ; Alexandra0704    ; Windows Vista ; 6.2        ; x86_64         ;
; Fitter                    ; Alexandra0704    ; Windows Vista ; 6.2        ; x86_64         ;
; Assembler                 ; Alexandra0704    ; Windows Vista ; 6.2        ; x86_64         ;
; TimeQuest Timing Analyzer ; Alexandra0704    ; Windows Vista ; 6.2        ; x86_64         ;
+---------------------------+------------------+---------------+------------+----------------+


------------
; Flow Log ;
------------
quartus_map --read_settings_files=on --write_settings_files=off de0_top -c de0_top
quartus_fit --read_settings_files=off --write_settings_files=off de0_top -c de0_top
quartus_asm --read_settings_files=off --write_settings_files=off de0_top -c de0_top
quartus_sta de0_top -c de0_top



